103.09.13 19:59 B C:\WINDOWS\Desktop\shadow\doc\act.txt <-- titan.kyndig.com /home/synch23/shadow/doc act.txt
103.09.13 19:59 B C:\WINDOWS\Desktop\shadow\doc\area.txt <-- titan.kyndig.com /home/synch23/shadow/doc area.txt
103.09.13 19:59 B C:\WINDOWS\Desktop\shadow\doc\class.txt <-- titan.kyndig.com /home/synch23/shadow/doc class.txt
103.09.13 19:59 B C:\WINDOWS\Desktop\shadow\doc\command.txt <-- titan.kyndig.com /home/synch23/shadow/doc command.txt
103.09.13 19:59 B C:\WINDOWS\Desktop\shadow\doc\contrib.txt <-- titan.kyndig.com /home/synch23/shadow/doc contrib.txt
103.09.13 19:59 B C:\WINDOWS\Desktop\shadow\doc\drool.txt <-- titan.kyndig.com /home/synch23/shadow/doc drool.txt
103.09.13 19:59 B C:\WINDOWS\Desktop\shadow\doc\hacker.txt <-- titan.kyndig.com /home/synch23/shadow/doc hacker.txt
103.09.13 19:59 B C:\WINDOWS\Desktop\shadow\doc\license.doc <-- titan.kyndig.com /home/synch23/shadow/doc license.doc
103.09.13 19:59 B C:\WINDOWS\Desktop\shadow\doc\license.txt <-- titan.kyndig.com /home/synch23/shadow/doc license.txt
103.09.13 19:59 B C:\WINDOWS\Desktop\shadow\doc\memory.txt <-- titan.kyndig.com /home/synch23/shadow/doc memory.txt
103.09.13 19:59 B C:\WINDOWS\Desktop\shadow\doc\new.txt <-- titan.kyndig.com /home/synch23/shadow/doc new.txt
103.09.13 19:59 B C:\WINDOWS\Desktop\shadow\doc\pfile.txt <-- titan.kyndig.com /home/synch23/shadow/doc pfile.txt
103.09.13 19:59 B C:\WINDOWS\Desktop\shadow\doc\port.txt <-- titan.kyndig.com /home/synch23/shadow/doc port.txt
103.09.13 19:59 B C:\WINDOWS\Desktop\shadow\doc\rom.credits <-- titan.kyndig.com /home/synch23/shadow/doc rom.credits
103.09.13 19:59 B C:\WINDOWS\Desktop\shadow\doc\rom.license <-- titan.kyndig.com /home/synch23/shadow/doc rom.license
103.09.13 19:59 B C:\WINDOWS\Desktop\shadow\doc\Rom2.4.doc <-- titan.kyndig.com /home/synch23/shadow/doc Rom2.4.doc
103.09.13 19:59 B C:\WINDOWS\Desktop\shadow\doc\security.txt <-- titan.kyndig.com /home/synch23/shadow/doc security.txt
103.09.13 19:59 B C:\WINDOWS\Desktop\shadow\doc\sites.txt <-- titan.kyndig.com /home/synch23/shadow/doc sites.txt
103.09.13 19:59 B C:\WINDOWS\Desktop\shadow\doc\skill.txt <-- titan.kyndig.com /home/synch23/shadow/doc skill.txt
103.09.13 19:59 B C:\WINDOWS\Desktop\shadow\doc\sky.txt <-- titan.kyndig.com /home/synch23/shadow/doc sky.txt
103.09.13 19:59 B C:\WINDOWS\Desktop\shadow\doc\trad.txt <-- titan.kyndig.com /home/synch23/shadow/doc trad.txt
103.09.13 19:59 B C:\WINDOWS\Desktop\shadow\doc\vnum.txt <-- titan.kyndig.com /home/synch23/shadow/doc vnum.txt
104.01.26 20:45 B C:\WINDOWS\Desktop\shadow\doc\act.txt --> titan.kyndig.com /shadow/doc act.txt
104.01.26 20:45 B C:\WINDOWS\Desktop\shadow\doc\area.txt --> titan.kyndig.com /shadow/doc area.txt
104.01.26 20:45 B C:\WINDOWS\Desktop\shadow\doc\class.txt --> titan.kyndig.com /shadow/doc class.txt
104.01.26 20:45 B C:\WINDOWS\Desktop\shadow\doc\command.txt --> titan.kyndig.com /shadow/doc command.txt
104.01.26 20:45 B C:\WINDOWS\Desktop\shadow\doc\contrib.txt --> titan.kyndig.com /shadow/doc contrib.txt
104.01.26 20:45 B C:\WINDOWS\Desktop\shadow\doc\drool.txt --> titan.kyndig.com /shadow/doc drool.txt
104.01.26 20:45 B C:\WINDOWS\Desktop\shadow\doc\hacker.txt --> titan.kyndig.com /shadow/doc hacker.txt
104.01.26 20:45 B C:\WINDOWS\Desktop\shadow\doc\license.doc --> titan.kyndig.com /shadow/doc license.doc
104.01.26 20:45 B C:\WINDOWS\Desktop\shadow\doc\license.txt --> titan.kyndig.com /shadow/doc license.txt
104.01.26 20:45 B C:\WINDOWS\Desktop\shadow\doc\memory.txt --> titan.kyndig.com /shadow/doc memory.txt
104.01.26 20:45 B C:\WINDOWS\Desktop\shadow\doc\new.txt --> titan.kyndig.com /shadow/doc new.txt
104.01.26 20:45 B C:\WINDOWS\Desktop\shadow\doc\pfile.txt --> titan.kyndig.com /shadow/doc pfile.txt
104.01.26 20:45 B C:\WINDOWS\Desktop\shadow\doc\port.txt --> titan.kyndig.com /shadow/doc port.txt
104.01.26 20:45 B C:\WINDOWS\Desktop\shadow\doc\rom.credits --> titan.kyndig.com /shadow/doc rom.credits
104.01.26 20:45 B C:\WINDOWS\Desktop\shadow\doc\rom.license --> titan.kyndig.com /shadow/doc rom.license
104.01.26 20:46 B C:\WINDOWS\Desktop\shadow\doc\Rom2.4.doc --> titan.kyndig.com /shadow/doc Rom2.4.doc
104.01.26 20:46 B C:\WINDOWS\Desktop\shadow\doc\security.txt --> titan.kyndig.com /shadow/doc security.txt
104.01.26 20:46 B C:\WINDOWS\Desktop\shadow\doc\sites.txt --> titan.kyndig.com /shadow/doc sites.txt
104.01.26 20:46 B C:\WINDOWS\Desktop\shadow\doc\skill.txt --> titan.kyndig.com /shadow/doc skill.txt
104.01.26 20:46 B C:\WINDOWS\Desktop\shadow\doc\sky.txt --> titan.kyndig.com /shadow/doc sky.txt
104.01.26 20:46 B C:\WINDOWS\Desktop\shadow\doc\trad.txt --> titan.kyndig.com /shadow/doc trad.txt
104.01.26 20:46 B C:\WINDOWS\Desktop\shadow\doc\vnum.txt --> titan.kyndig.com /shadow/doc vnum.txt
