103.09.13 19:59 B C:\WINDOWS\Desktop\shadow\data\guild\builder <-- titan.kyndig.com /home/synch23/shadow/data/guild builder
103.09.13 19:59 B C:\WINDOWS\Desktop\shadow\data\guild\Builder <-- titan.kyndig.com /home/synch23/shadow/data/guild Builder
103.09.13 19:59 B C:\WINDOWS\Desktop\shadow\data\guild\builder clan <-- titan.kyndig.com /home/synch23/shadow/data/guild builder clan
103.09.13 19:59 B C:\WINDOWS\Desktop\shadow\data\guild\Coders <-- titan.kyndig.com /home/synch23/shadow/data/guild Coders
103.09.13 19:59 B C:\WINDOWS\Desktop\shadow\data\guild\Council <-- titan.kyndig.com /home/synch23/shadow/data/guild Council
103.09.13 19:59 B C:\WINDOWS\Desktop\shadow\data\guild\DeathStalker <-- titan.kyndig.com /home/synch23/shadow/data/guild DeathStalker
103.09.13 19:59 B C:\WINDOWS\Desktop\shadow\data\guild\guild.dat <-- titan.kyndig.com /home/synch23/shadow/data/guild guild.dat
103.09.13 19:59 B C:\WINDOWS\Desktop\shadow\data\guild\guild.lst <-- titan.kyndig.com /home/synch23/shadow/data/guild guild.lst
103.09.13 19:59 B C:\WINDOWS\Desktop\shadow\data\guild\Loner <-- titan.kyndig.com /home/synch23/shadow/data/guild Loner
103.09.13 19:59 B C:\WINDOWS\Desktop\shadow\data\guild\NewGuild <-- titan.kyndig.com /home/synch23/shadow/data/guild NewGuild
103.09.13 19:59 B C:\WINDOWS\Desktop\shadow\data\guild\support <-- titan.kyndig.com /home/synch23/shadow/data/guild support
103.09.13 19:59 B C:\WINDOWS\Desktop\shadow\data\guild\The Legends <-- titan.kyndig.com /home/synch23/shadow/data/guild The Legends
103.09.22 10:07 B C:\WINDOWS\Desktop\shadow\data\guild\builder --> titan.kyndig.com /home/synch23/shadow/data/guild builder
103.09.22 10:07 B C:\WINDOWS\Desktop\shadow\data\guild\builder clan --> titan.kyndig.com /home/synch23/shadow/data/guild builder clan
103.09.22 10:07 B C:\WINDOWS\Desktop\shadow\data\guild\Coders --> titan.kyndig.com /home/synch23/shadow/data/guild Coders
103.09.22 10:07 B C:\WINDOWS\Desktop\shadow\data\guild\Council --> titan.kyndig.com /home/synch23/shadow/data/guild Council
103.09.22 10:07 B C:\WINDOWS\Desktop\shadow\data\guild\DeathStalker --> titan.kyndig.com /home/synch23/shadow/data/guild DeathStalker
103.09.22 10:07 B C:\WINDOWS\Desktop\shadow\data\guild\guild.dat --> titan.kyndig.com /home/synch23/shadow/data/guild guild.dat
103.09.22 10:07 B C:\WINDOWS\Desktop\shadow\data\guild\guild.lst --> titan.kyndig.com /home/synch23/shadow/data/guild guild.lst
103.09.22 10:07 B C:\WINDOWS\Desktop\shadow\data\guild\Loner --> titan.kyndig.com /home/synch23/shadow/data/guild Loner
103.09.22 10:07 B C:\WINDOWS\Desktop\shadow\data\guild\NewGuild --> titan.kyndig.com /home/synch23/shadow/data/guild NewGuild
103.09.22 10:07 B C:\WINDOWS\Desktop\shadow\data\guild\support --> titan.kyndig.com /home/synch23/shadow/data/guild support
103.09.22 10:07 B C:\WINDOWS\Desktop\shadow\data\guild\The Legends --> titan.kyndig.com /home/synch23/shadow/data/guild The Legends
103.12.29 22:48 B C:\WINDOWS\Desktop\shadow\data\guild\WS_FTP.LOG <-- titan.kyndig.com /home/synch23/shadow/data/guild WS_FTP.LOG
104.01.02 22:08 B C:\WINDOWS\Desktop\shadow\data\guild\builder <-- titan.kyndig.com /home/synch23/shadow/data/guild builder
104.01.02 22:08 B C:\WINDOWS\Desktop\shadow\data\guild\Builder <-- titan.kyndig.com /home/synch23/shadow/data/guild Builder
104.01.02 22:08 B C:\WINDOWS\Desktop\shadow\data\guild\builder clan <-- titan.kyndig.com /home/synch23/shadow/data/guild builder clan
104.01.02 22:08 B C:\WINDOWS\Desktop\shadow\data\guild\Coders <-- titan.kyndig.com /home/synch23/shadow/data/guild Coders
104.01.02 22:08 B C:\WINDOWS\Desktop\shadow\data\guild\Council <-- titan.kyndig.com /home/synch23/shadow/data/guild Council
104.01.02 22:08 B C:\WINDOWS\Desktop\shadow\data\guild\DeathStalker <-- titan.kyndig.com /home/synch23/shadow/data/guild DeathStalker
104.01.02 22:08 B C:\WINDOWS\Desktop\shadow\data\guild\guild.dat <-- titan.kyndig.com /home/synch23/shadow/data/guild guild.dat
104.01.02 22:08 B C:\WINDOWS\Desktop\shadow\data\guild\guild.lst <-- titan.kyndig.com /home/synch23/shadow/data/guild guild.lst
104.01.02 22:08 B C:\WINDOWS\Desktop\shadow\data\guild\Loner <-- titan.kyndig.com /home/synch23/shadow/data/guild Loner
104.01.02 22:08 B C:\WINDOWS\Desktop\shadow\data\guild\NewGuild <-- titan.kyndig.com /home/synch23/shadow/data/guild NewGuild
104.01.02 22:08 B C:\WINDOWS\Desktop\shadow\data\guild\support <-- titan.kyndig.com /home/synch23/shadow/data/guild support
104.01.02 22:08 B C:\WINDOWS\Desktop\shadow\data\guild\The Legends <-- titan.kyndig.com /home/synch23/shadow/data/guild The Legends
104.01.26 20:45 B C:\WINDOWS\Desktop\shadow\data\guild\builder --> titan.kyndig.com /shadow/data/guild builder
104.01.26 20:45 B C:\WINDOWS\Desktop\shadow\data\guild\builder clan --> titan.kyndig.com /shadow/data/guild builder clan
104.01.26 20:45 B C:\WINDOWS\Desktop\shadow\data\guild\Coders --> titan.kyndig.com /shadow/data/guild Coders
104.01.26 20:45 B C:\WINDOWS\Desktop\shadow\data\guild\Council --> titan.kyndig.com /shadow/data/guild Council
104.01.26 20:45 B C:\WINDOWS\Desktop\shadow\data\guild\DeathStalker --> titan.kyndig.com /shadow/data/guild DeathStalker
104.01.26 20:45 B C:\WINDOWS\Desktop\shadow\data\guild\guild.dat --> titan.kyndig.com /shadow/data/guild guild.dat
104.01.26 20:45 B C:\WINDOWS\Desktop\shadow\data\guild\guild.lst --> titan.kyndig.com /shadow/data/guild guild.lst
104.01.26 20:45 B C:\WINDOWS\Desktop\shadow\data\guild\Loner --> titan.kyndig.com /shadow/data/guild Loner
104.01.26 20:45 B C:\WINDOWS\Desktop\shadow\data\guild\NewGuild --> titan.kyndig.com /shadow/data/guild NewGuild
104.01.26 20:45 B C:\WINDOWS\Desktop\shadow\data\guild\support --> titan.kyndig.com /shadow/data/guild support
104.01.26 20:45 B C:\WINDOWS\Desktop\shadow\data\guild\The Legends --> titan.kyndig.com /shadow/data/guild The Legends
