limbo.are
stockrom.are
smurf.are
plains.are
ofcol2.are
olympus.are
air.are
shire.are
immort.are
hitower.are
gnome.are
wyvern.are
catacomb.are
hood.are
draconia.are
mahntor.are
trollden.are
midgaard.are
chapel.are
midennir.are
grave.are
school.are
moria.are
eastern.are
drow.are
thalos.are
mirror.are
ofcol.are
haon.are
arachnos.are
dwarven.are
daycare.are
quifael.are
sewer.are
astral.are
valley.are
redferne.are
mega1.are
marsh.are
dream.are
pyramid.are
grove.are
nirvana.are
dylan.are
canyon.are
galaxy.are
mobfact.are
newthalos.are
tohell.are
newbieeq.are
haunted.are
mauard.are
gtress.are
scastle.are
struins.are
castled.are
hoare.are
drykndra.are
bridgew.are
marrya.are
hallawo.are
tielee.are
dyril.are
immtower.are
immgrvyd.are
cielmt.are
grvyrdol.are
cryptonr.are
sandsoti.are
splynn.are
drakdung.are
pegascas.are
twylia.are
castitol.are
bwnpz.are
$
